2025-04-27 22:22:16 [main] INFO  Log - Starting Webdriver...
2025-04-27 22:22:19 [main] INFO  Log - Navigating to Url
2025-04-27 22:22:21 [main] INFO  Log - Starting Login Test...
2025-04-27 22:22:21 [main] INFO  Log - Adding Credentials...
2025-04-27 22:22:21 [main] INFO  Log - Clicking Login Button...
2025-04-27 22:22:31 [main] INFO  Log - Verifying page title...
2025-04-27 22:22:31 [main] INFO  Log - Closing the browser...
2025-04-27 23:01:59 [main] INFO  Log - Starting Webdriver...
2025-04-27 23:02:01 [main] INFO  Log - Navigating to Url
2025-04-27 23:02:03 [main] INFO  Log - Starting Login Test...
2025-04-27 23:02:03 [main] INFO  Log - Adding Credentials...
2025-04-27 23:02:04 [main] INFO  Log - Clicking Login Button...
2025-04-27 23:02:07 [main] INFO  Log - Verifying page title...
2025-04-27 23:02:07 [main] INFO  Log - Closing the browser...
2025-04-27 23:04:10 [main] INFO  Log - Starting Webdriver...
2025-04-27 23:04:11 [main] INFO  Log - Navigating to Url
2025-04-27 23:04:13 [main] INFO  Log - Starting Login Test...
2025-04-27 23:04:13 [main] INFO  Log - Adding Credentials...
2025-04-27 23:04:13 [main] INFO  Log - Clicking Login Button...
2025-04-27 23:04:14 [main] INFO  Log - Verifying page title...
2025-04-27 23:04:14 [main] INFO  Log - Closing the browser...
2025-04-27 23:05:03 [main] INFO  Log - Starting Webdriver...
2025-04-27 23:05:04 [main] INFO  Log - Navigating to Url
2025-04-27 23:05:06 [main] INFO  Log - Starting Login Test...
2025-04-27 23:05:06 [main] INFO  Log - Adding Credentials...
2025-04-27 23:05:07 [main] INFO  Log - Clicking Login Button...
2025-04-27 23:05:15 [main] INFO  Log - Verifying page title...
2025-04-27 23:05:15 [main] INFO  Log - Closing the browser...
2025-04-27 23:17:10 [main] INFO  Log - Starting Webdriver...
2025-04-27 23:17:12 [main] INFO  Log - Navigating to Url
2025-04-27 23:17:14 [main] INFO  Log - Starting Login Test...
2025-04-27 23:17:14 [main] INFO  Log - Adding Credentials...
2025-04-27 23:17:14 [main] INFO  Log - Clicking Login Button...
2025-04-27 23:17:15 [main] INFO  Log - Verifying page title...
2025-04-27 23:17:15 [main] INFO  Log - Login test completed...
2025-04-27 23:17:15 [main] INFO  Log - Closing the browser...
2025-04-27 23:17:55 [main] INFO  Log - Starting Webdriver...
2025-04-27 23:17:57 [main] INFO  Log - Navigating to Url
2025-04-27 23:17:59 [main] INFO  Log - Starting Login Test...
2025-04-27 23:17:59 [main] INFO  Log - Adding Credentials...
2025-04-27 23:17:59 [main] INFO  Log - Clicking Login Button...
2025-04-27 23:18:17 [main] INFO  Log - Verifying page title...
2025-04-27 23:18:17 [main] INFO  Log - Closing the browser...
2025-04-28 13:11:55 [main] INFO  Log - Starting Webdriver...
2025-04-28 13:11:58 [main] INFO  Log - Navigating to Url
2025-04-28 13:12:10 [main] INFO  Log - Starting Login Test...
2025-04-28 13:12:10 [main] INFO  Log - Adding Credentials...
2025-04-28 13:12:10 [main] INFO  Log - Clicking Login Button...
2025-04-28 13:12:11 [main] INFO  Log - Verifying page title...
2025-04-28 13:12:11 [main] INFO  Log - Login test completed...
2025-04-28 13:12:11 [main] INFO  Log - Closing the browser...
2025-04-28 13:12:48 [main] INFO  Log - Starting Webdriver...
2025-04-28 13:12:49 [main] INFO  Log - Navigating to Url
2025-04-28 13:12:51 [main] INFO  Log - Starting Login Test...
2025-04-28 13:12:51 [main] INFO  Log - Adding Credentials...
2025-04-28 13:12:51 [main] INFO  Log - Clicking Login Button...
2025-04-28 13:12:52 [main] INFO  Log - Verifying page title...
2025-04-28 13:12:52 [main] INFO  Log - Login test completed...
2025-04-28 13:12:52 [main] INFO  Log - Closing the browser...
2025-04-28 19:08:18 [main] INFO  Log - Starting Webdriver...
2025-04-28 19:08:22 [main] INFO  Log - Navigating to Url
2025-04-28 19:08:23 [main] INFO  Log - Starting Login Test...
2025-04-28 19:08:23 [main] INFO  Log - Adding Credentials...
2025-04-28 19:08:23 [main] INFO  Log - Clicking Login Button...
2025-04-28 19:08:24 [main] INFO  Log - Verifying page title...
2025-04-28 19:08:24 [main] INFO  Log - Closing the browser...
2025-04-28 19:17:13 [main] INFO  Log - Starting Webdriver...
2025-04-28 19:17:15 [main] INFO  Log - Navigating to Url
2025-04-28 19:17:16 [main] INFO  Log - Starting Login Test...
2025-04-28 19:17:16 [main] INFO  Log - Adding Credentials...
2025-04-28 19:17:17 [main] INFO  Log - Clicking Login Button...
2025-04-28 19:17:17 [main] INFO  Log - Verifying page title...
2025-04-28 19:17:17 [main] INFO  Log - Closing the browser...
2025-04-28 19:28:05 [main] INFO  Log - Starting Webdriver...
2025-04-28 19:28:06 [main] INFO  Log - Navigating to Url
2025-04-28 19:28:08 [main] INFO  Log - Starting Login Test...
2025-04-28 19:28:08 [main] INFO  Log - Adding Credentials...
2025-04-28 19:28:08 [main] INFO  Log - Clicking Login Button...
2025-04-28 19:28:10 [main] INFO  Log - Verifying page title...
2025-04-28 19:28:10 [main] INFO  Log - Closing the browser...
2025-04-28 19:28:10 [main] INFO  Log - Starting Webdriver...
2025-04-28 19:28:11 [main] INFO  Log - Navigating to Url
2025-04-28 19:28:12 [main] INFO  Log - Starting Login Test...
2025-04-28 19:28:12 [main] INFO  Log - Adding Credentials...
2025-04-28 19:28:13 [main] INFO  Log - Clicking Login Button...
2025-04-28 19:28:13 [main] INFO  Log - Verifying page title...
2025-04-28 19:28:13 [main] INFO  Log - Login test completed...
2025-04-28 19:28:13 [main] INFO  Log - Closing the browser...
2025-04-28 19:31:40 [main] INFO  Log - Starting Webdriver...
2025-04-28 19:31:42 [main] INFO  Log - Navigating to Url
2025-04-28 19:31:44 [main] INFO  Log - Starting Login Test...
2025-04-28 19:31:44 [main] INFO  Log - Adding Credentials...
2025-04-28 19:31:44 [main] INFO  Log - Clicking Login Button...
2025-04-28 19:31:45 [main] INFO  Log - Verifying page title...
2025-04-28 19:31:45 [main] INFO  Log - Closing the browser...
2025-04-28 19:31:45 [main] INFO  Log - Starting Webdriver...
2025-04-28 19:31:46 [main] INFO  Log - Navigating to Url
2025-04-28 19:31:47 [main] INFO  Log - Starting Login Test...
2025-04-28 19:31:47 [main] INFO  Log - Adding Credentials...
2025-04-28 19:31:48 [main] INFO  Log - Clicking Login Button...
2025-04-28 19:31:50 [main] INFO  Log - Verifying page title...
2025-04-28 19:31:50 [main] INFO  Log - Login test completed...
2025-04-28 19:31:50 [main] INFO  Log - Closing the browser...
2025-04-28 20:58:06 [main] INFO  Log - Starting Webdriver...
2025-04-28 20:58:09 [main] INFO  Log - Navigating to Url
2025-04-28 20:58:13 [main] INFO  Log - Starting Login Test...
2025-04-28 20:58:13 [main] INFO  Log - Adding Credentials...
2025-04-28 20:58:13 [main] INFO  Log - Clicking Login Button...
2025-04-28 20:58:15 [main] INFO  Log - Verifying page title...
2025-04-28 20:58:16 [main] INFO  Log - Closing the browser...
2025-04-28 20:58:16 [main] INFO  Log - Starting Webdriver...
2025-04-28 20:58:18 [main] INFO  Log - Navigating to Url
2025-04-28 20:58:20 [main] INFO  Log - Starting Login Test...
2025-04-28 20:58:20 [main] INFO  Log - Adding Credentials...
2025-04-28 20:58:20 [main] INFO  Log - Clicking Login Button...
2025-04-28 20:58:22 [main] INFO  Log - Verifying page title...
2025-04-28 20:58:22 [main] INFO  Log - Login test completed...
2025-04-28 20:58:22 [main] INFO  Log - Closing the browser...
2025-04-28 22:35:46 [main] INFO  Log - Starting Webdriver...
2025-04-28 22:35:49 [main] INFO  Log - Navigating to Url
2025-04-28 22:35:51 [main] INFO  Log - Starting Login Test...
2025-04-28 22:35:51 [main] INFO  Log - Adding Credentials...
2025-04-28 22:35:52 [main] INFO  Log - Closing the browser...
2025-04-28 22:38:50 [main] INFO  Log - Starting Webdriver...
2025-04-28 22:38:52 [main] INFO  Log - Navigating to Url
2025-04-28 22:38:55 [main] INFO  Log - Starting Login Test...
2025-04-28 22:38:55 [main] INFO  Log - Adding Credentials...
2025-04-28 22:40:37 [main] INFO  Log - Verifying page title...
2025-04-28 22:40:37 [main] INFO  Log - Closing the browser...
2025-04-28 23:20:19 [main] INFO  Log - Starting Webdriver...
2025-04-28 23:20:21 [main] INFO  Log - Navigating to Url
2025-04-28 23:20:27 [main] INFO  Log - Starting Login Test...
2025-04-28 23:20:27 [main] INFO  Log - Adding Credentials...
2025-04-28 23:20:29 [main] INFO  Log - Verifying page title...
2025-04-28 23:20:29 [main] INFO  Log - Closing the browser...
2025-04-28 23:20:29 [main] INFO  Log - Starting Webdriver...
2025-04-28 23:20:31 [main] INFO  Log - Navigating to Url
2025-04-28 23:20:32 [main] INFO  Log - Starting Login Test...
2025-04-28 23:20:32 [main] INFO  Log - Adding Credentials...
2025-04-28 23:20:39 [main] INFO  Log - Verifying page title...
2025-04-28 23:20:39 [main] INFO  Log - Login test completed...
2025-04-28 23:20:39 [main] INFO  Log - Closing the browser...
2025-04-29 12:55:12 [main] INFO  Log - Starting Webdriver...
2025-04-29 12:55:15 [main] INFO  Log - Navigating to Url
2025-04-29 12:55:17 [main] INFO  Log - Starting Login Test...
2025-04-29 12:55:17 [main] INFO  Log - Adding Credentials...
2025-04-29 12:55:18 [main] INFO  Log - Verifying page title...
2025-04-29 12:55:18 [main] INFO  Log - Closing the browser...
2025-04-29 12:55:18 [main] INFO  Log - Starting Webdriver...
2025-04-29 12:55:19 [main] INFO  Log - Navigating to Url
2025-04-29 12:55:21 [main] INFO  Log - Starting Login Test...
2025-04-29 12:55:21 [main] INFO  Log - Adding Credentials...
2025-04-29 12:55:21 [main] INFO  Log - Verifying page title...
2025-04-29 12:55:22 [main] INFO  Log - Closing the browser...
2025-04-29 12:55:22 [main] INFO  Log - Starting Webdriver...
2025-04-29 12:55:23 [main] INFO  Log - Navigating to Url
2025-04-29 12:55:24 [main] INFO  Log - Starting Login Test...
2025-04-29 12:55:24 [main] INFO  Log - Adding Credentials...
2025-04-29 12:55:25 [main] INFO  Log - Verifying page title...
2025-04-29 12:55:25 [main] INFO  Log - Closing the browser...
2025-04-29 13:13:11 [main] INFO  Log - Starting Webdriver...
2025-04-29 13:13:13 [main] INFO  Log - Navigating to Url
2025-04-29 13:13:18 [main] INFO  Log - Starting Login Test...
2025-04-29 13:13:18 [main] INFO  Log - Adding Credentials...
2025-04-29 13:13:19 [main] INFO  Log - Verifying page title...
2025-04-29 13:13:19 [main] INFO  Log - Login test completed...
2025-04-29 13:13:19 [main] INFO  Log - Closing the browser...
2025-04-29 13:13:19 [main] INFO  Log - Starting Webdriver...
2025-04-29 13:13:21 [main] INFO  Log - Navigating to Url
2025-04-29 13:13:23 [main] INFO  Log - Starting Login Test...
2025-04-29 13:13:23 [main] INFO  Log - Adding Credentials...
2025-04-29 13:13:23 [main] INFO  Log - Verifying page title...
2025-04-29 13:13:23 [main] INFO  Log - Login test completed...
2025-04-29 13:13:23 [main] INFO  Log - Closing the browser...
2025-04-29 13:13:24 [main] INFO  Log - Starting Webdriver...
2025-04-29 13:13:25 [main] INFO  Log - Navigating to Url
2025-04-29 13:13:26 [main] INFO  Log - Starting Login Test...
2025-04-29 13:13:26 [main] INFO  Log - Adding Credentials...
2025-04-29 13:13:27 [main] INFO  Log - Verifying page title...
2025-04-29 13:13:27 [main] INFO  Log - Login test completed...
2025-04-29 13:13:27 [main] INFO  Log - Closing the browser...
2025-04-29 13:16:07 [main] INFO  Log - Starting Webdriver...
2025-04-29 13:16:09 [main] INFO  Log - Navigating to Url
2025-04-29 13:16:10 [main] INFO  Log - Starting Login Test...
2025-04-29 13:16:11 [main] INFO  Log - Adding Credentials...
2025-04-29 13:16:11 [main] INFO  Log - Verifying page title...
2025-04-29 13:16:11 [main] INFO  Log - Closing the browser...
2025-04-29 13:16:12 [main] INFO  Log - Starting Webdriver...
2025-04-29 13:16:12 [main] INFO  Log - Navigating to Url
2025-04-29 13:16:14 [main] INFO  Log - Starting Login Test...
2025-04-29 13:16:14 [main] INFO  Log - Adding Credentials...
2025-04-29 13:16:14 [main] INFO  Log - Verifying page title...
2025-04-29 13:16:15 [main] INFO  Log - Closing the browser...
2025-04-29 13:16:15 [main] INFO  Log - Starting Webdriver...
2025-04-29 13:16:16 [main] INFO  Log - Navigating to Url
2025-04-29 13:16:17 [main] INFO  Log - Starting Login Test...
2025-04-29 13:16:17 [main] INFO  Log - Adding Credentials...
2025-04-29 13:16:17 [main] INFO  Log - Verifying page title...
2025-04-29 13:16:18 [main] INFO  Log - Closing the browser...
2025-04-29 13:20:32 [main] INFO  Log - Starting Webdriver...
2025-04-29 13:20:34 [main] INFO  Log - Navigating to Url
2025-04-29 13:20:35 [main] INFO  Log - Starting Login Test...
2025-04-29 13:20:35 [main] INFO  Log - Adding Credentials...
2025-04-29 13:20:36 [main] INFO  Log - Verifying page title...
2025-04-29 13:20:36 [main] INFO  Log - Closing the browser...
2025-04-29 13:20:37 [main] INFO  Log - Starting Webdriver...
2025-04-29 13:20:38 [main] INFO  Log - Navigating to Url
2025-04-29 13:20:40 [main] INFO  Log - Starting Login Test...
2025-04-29 13:20:40 [main] INFO  Log - Adding Credentials...
2025-04-29 13:20:41 [main] INFO  Log - Verifying page title...
2025-04-29 13:20:41 [main] INFO  Log - Closing the browser...
2025-04-29 13:20:41 [main] INFO  Log - Starting Webdriver...
2025-04-29 13:20:42 [main] INFO  Log - Navigating to Url
2025-04-29 13:20:44 [main] INFO  Log - Starting Login Test...
2025-04-29 13:20:44 [main] INFO  Log - Adding Credentials...
2025-04-29 13:20:44 [main] INFO  Log - Verifying page title...
2025-04-29 13:20:45 [main] INFO  Log - Closing the browser...
2025-04-29 13:21:21 [main] INFO  Log - Starting Webdriver...
2025-04-29 13:21:22 [main] INFO  Log - Navigating to Url
2025-04-29 13:21:26 [main] INFO  Log - Starting Login Test...
2025-04-29 13:21:26 [main] INFO  Log - Adding Credentials...
2025-04-29 13:21:26 [main] INFO  Log - Verifying page title...
2025-04-29 13:21:26 [main] INFO  Log - Login test completed...
2025-04-29 13:21:26 [main] INFO  Log - Closing the browser...
2025-04-29 13:21:27 [main] INFO  Log - Starting Webdriver...
2025-04-29 13:21:28 [main] INFO  Log - Navigating to Url
2025-04-29 13:21:32 [main] INFO  Log - Starting Login Test...
2025-04-29 13:21:32 [main] INFO  Log - Adding Credentials...
2025-04-29 13:21:33 [main] INFO  Log - Verifying page title...
2025-04-29 13:21:33 [main] INFO  Log - Login test completed...
2025-04-29 13:21:33 [main] INFO  Log - Closing the browser...
2025-04-29 13:21:33 [main] INFO  Log - Starting Webdriver...
2025-04-29 13:21:34 [main] INFO  Log - Navigating to Url
2025-04-29 13:21:35 [main] INFO  Log - Starting Login Test...
2025-04-29 13:21:35 [main] INFO  Log - Adding Credentials...
2025-04-29 13:21:36 [main] INFO  Log - Verifying page title...
2025-04-29 13:21:36 [main] INFO  Log - Login test completed...
2025-04-29 13:21:36 [main] INFO  Log - Closing the browser...
2025-04-29 13:22:43 [main] INFO  Log - Starting Webdriver...
2025-04-29 13:22:44 [main] INFO  Log - Navigating to Url
2025-04-29 13:22:47 [main] INFO  Log - Starting Login Test...
2025-04-29 13:22:47 [main] INFO  Log - Adding Credentials...
2025-04-29 13:22:47 [main] INFO  Log - Verifying page title...
2025-04-29 13:22:48 [main] INFO  Log - Closing the browser...
2025-04-29 13:22:48 [main] INFO  Log - Starting Webdriver...
2025-04-29 13:22:49 [main] INFO  Log - Navigating to Url
2025-04-29 13:22:51 [main] INFO  Log - Starting Login Test...
2025-04-29 13:22:51 [main] INFO  Log - Adding Credentials...
2025-04-29 13:22:51 [main] INFO  Log - Verifying page title...
2025-04-29 13:22:52 [main] INFO  Log - Closing the browser...
2025-04-29 13:22:52 [main] INFO  Log - Starting Webdriver...
2025-04-29 13:22:53 [main] INFO  Log - Navigating to Url
2025-04-29 13:22:55 [main] INFO  Log - Starting Login Test...
2025-04-29 13:22:55 [main] INFO  Log - Adding Credentials...
2025-04-29 13:22:56 [main] INFO  Log - Verifying page title...
2025-04-29 13:22:56 [main] INFO  Log - Closing the browser...
2025-04-29 13:26:44 [main] INFO  Log - Starting Webdriver...
2025-04-29 13:26:45 [main] INFO  Log - Navigating to Url
2025-04-29 13:26:47 [main] INFO  Log - Starting Login Test...
2025-04-29 13:26:47 [main] INFO  Log - Entering credentials...
2025-04-29 13:26:47 [main] INFO  Log - Verifying login result...
2025-04-29 13:26:47 [main] INFO  Log - Login test completed.
2025-04-29 13:26:47 [main] INFO  Log - Closing the browser...
2025-04-29 13:26:48 [main] INFO  Log - Starting Webdriver...
2025-04-29 13:26:49 [main] INFO  Log - Navigating to Url
2025-04-29 13:26:50 [main] INFO  Log - Starting Login Test...
2025-04-29 13:26:50 [main] INFO  Log - Entering credentials...
2025-04-29 13:26:50 [main] INFO  Log - Verifying login result...
2025-04-29 13:26:50 [main] INFO  Log - Login test completed.
2025-04-29 13:26:50 [main] INFO  Log - Closing the browser...
2025-04-29 13:26:51 [main] INFO  Log - Starting Webdriver...
2025-04-29 13:26:52 [main] INFO  Log - Navigating to Url
2025-04-29 13:26:53 [main] INFO  Log - Starting Login Test...
2025-04-29 13:26:53 [main] INFO  Log - Entering credentials...
2025-04-29 13:29:27 [main] INFO  Log - Starting Webdriver...
2025-04-29 13:29:29 [main] INFO  Log - Navigating to Url
2025-04-29 13:29:31 [main] INFO  Log - Starting Login Test...
2025-04-29 13:29:31 [main] INFO  Log - Entering credentials...
2025-04-29 13:29:32 [main] INFO  Log - Verifying login result...
2025-04-29 13:29:32 [main] INFO  Log - Login test completed.
2025-04-29 13:29:32 [main] INFO  Log - Closing the browser...
2025-04-29 13:29:32 [main] INFO  Log - Starting Webdriver...
2025-04-29 13:29:33 [main] INFO  Log - Navigating to Url
2025-04-29 13:29:35 [main] INFO  Log - Starting Login Test...
2025-04-29 13:29:35 [main] INFO  Log - Entering credentials...
2025-04-29 13:29:36 [main] INFO  Log - Verifying login result...
2025-04-29 13:29:36 [main] INFO  Log - Login test completed.
2025-04-29 13:29:36 [main] INFO  Log - Closing the browser...
2025-04-29 13:29:36 [main] INFO  Log - Starting Webdriver...
2025-04-29 13:29:37 [main] INFO  Log - Navigating to Url
2025-04-29 13:29:38 [main] INFO  Log - Starting Login Test...
2025-04-29 13:29:38 [main] INFO  Log - Entering credentials...
2025-04-29 13:30:27 [main] INFO  Log - Starting Webdriver...
2025-04-29 13:30:29 [main] INFO  Log - Navigating to Url
2025-04-29 13:30:32 [main] INFO  Log - Starting Login Test...
2025-04-29 13:30:32 [main] INFO  Log - Adding Credentials...
2025-04-29 13:30:32 [main] INFO  Log - Verifying page title...
2025-04-29 13:30:33 [main] INFO  Log - Closing the browser...
2025-04-29 13:30:33 [main] INFO  Log - Starting Webdriver...
2025-04-29 13:30:34 [main] INFO  Log - Navigating to Url
2025-04-29 13:30:35 [main] INFO  Log - Starting Login Test...
2025-04-29 13:30:35 [main] INFO  Log - Adding Credentials...
2025-04-29 13:30:36 [main] INFO  Log - Verifying page title...
2025-04-29 13:30:36 [main] INFO  Log - Closing the browser...
2025-04-29 13:30:37 [main] INFO  Log - Starting Webdriver...
2025-04-29 13:30:38 [main] INFO  Log - Navigating to Url
2025-04-29 13:30:40 [main] INFO  Log - Starting Login Test...
2025-04-29 13:30:40 [main] INFO  Log - Adding Credentials...
2025-04-29 13:30:40 [main] INFO  Log - Verifying page title...
2025-04-29 13:30:41 [main] INFO  Log - Closing the browser...
2025-04-29 13:35:20 [main] INFO  Log - Starting Webdriver...
2025-04-29 13:35:22 [main] INFO  Log - Navigating to Url
2025-04-29 13:35:25 [main] INFO  Log - Starting Login Test...
2025-04-29 13:35:25 [main] INFO  Log - Adding Credentials...
2025-04-29 13:35:26 [main] INFO  Log - Verifying page title...
2025-04-29 13:35:26 [main] INFO  Log - Closing the browser...
2025-04-29 13:35:26 [main] INFO  Log - Starting Webdriver...
2025-04-29 13:35:27 [main] INFO  Log - Navigating to Url
2025-04-29 13:35:29 [main] INFO  Log - Starting Login Test...
2025-04-29 13:35:29 [main] INFO  Log - Adding Credentials...
2025-04-29 13:35:29 [main] INFO  Log - Verifying page title...
2025-04-29 13:35:30 [main] INFO  Log - Closing the browser...
2025-04-29 13:35:30 [main] INFO  Log - Starting Webdriver...
2025-04-29 13:35:31 [main] INFO  Log - Navigating to Url
2025-04-29 13:35:34 [main] INFO  Log - Starting Login Test...
2025-04-29 13:35:34 [main] INFO  Log - Adding Credentials...
2025-04-29 13:35:34 [main] INFO  Log - Verifying page title...
2025-04-29 13:35:34 [main] INFO  Log - Closing the browser...
2025-04-29 13:58:35 [main] INFO  Log - Starting Webdriver...
2025-04-29 13:58:44 [main] INFO  Log - Navigating to Url
2025-04-29 13:58:46 [main] INFO  Log - Starting Login Test...
2025-04-29 13:58:46 [main] INFO  Log - Adding Credentials...
2025-04-29 13:58:46 [main] INFO  Log - Verifying page title...
2025-04-29 13:58:46 [main] INFO  Log - Login failed as expected.
2025-04-29 13:58:46 [main] INFO  Log - Closing the browser...
2025-04-29 13:58:46 [main] INFO  Log - Starting Webdriver...
2025-04-29 13:58:48 [main] INFO  Log - Navigating to Url
2025-04-29 13:58:54 [main] INFO  Log - Starting Login Test...
2025-04-29 13:58:54 [main] INFO  Log - Adding Credentials...
2025-04-29 13:58:54 [main] INFO  Log - Verifying page title...
2025-04-29 13:58:54 [main] INFO  Log - Login failed as expected.
2025-04-29 13:58:54 [main] INFO  Log - Closing the browser...
2025-04-29 13:58:55 [main] INFO  Log - Starting Webdriver...
2025-04-29 13:58:56 [main] INFO  Log - Navigating to Url
2025-04-29 13:58:58 [main] INFO  Log - Starting Login Test...
2025-04-29 13:58:58 [main] INFO  Log - Adding Credentials...
2025-04-29 13:59:17 [main] INFO  Log - Verifying page title...
2025-04-29 13:59:17 [main] INFO  Log - Login success.
2025-04-29 13:59:17 [main] INFO  Log - Login test completed...
2025-04-29 13:59:17 [main] INFO  Log - Closing the browser...
2025-04-29 14:01:12 [main] INFO  Log - Starting Webdriver...
2025-04-29 14:01:14 [main] INFO  Log - Navigating to Url
2025-04-29 14:01:15 [main] INFO  Log - Starting Login Test...
2025-04-29 14:01:16 [main] INFO  Log - Adding Credentials...
2025-04-29 14:01:16 [main] INFO  Log - Verifying page title...
2025-04-29 14:01:16 [main] INFO  Log - Login failed as expected.
2025-04-29 14:01:16 [main] INFO  Log - Closing the browser...
2025-04-29 14:01:17 [main] INFO  Log - Starting Webdriver...
2025-04-29 14:01:18 [main] INFO  Log - Navigating to Url
2025-04-29 14:01:19 [main] INFO  Log - Starting Login Test...
2025-04-29 14:01:19 [main] INFO  Log - Adding Credentials...
2025-04-29 14:01:19 [main] INFO  Log - Verifying page title...
2025-04-29 14:01:19 [main] INFO  Log - Login failed as expected.
2025-04-29 14:01:20 [main] INFO  Log - Closing the browser...
2025-04-29 14:01:20 [main] INFO  Log - Starting Webdriver...
2025-04-29 14:01:21 [main] INFO  Log - Navigating to Url
2025-04-29 14:02:01 [main] INFO  Log - Starting Login Test...
2025-04-29 14:02:01 [main] INFO  Log - Adding Credentials...
2025-04-29 14:02:02 [main] INFO  Log - Verifying page title...
2025-04-29 14:02:02 [main] INFO  Log - Login failed as expected.
2025-04-29 18:04:18 [main] INFO  Log - Starting Webdriver...
2025-04-29 18:04:23 [main] INFO  Log - Navigating to Url
2025-04-29 18:04:24 [main] INFO  Log - Starting Login Test...
2025-04-29 18:04:24 [main] INFO  Log - Adding Credentials...
2025-04-29 18:04:24 [main] INFO  Log - Verifying page title...
2025-04-29 18:04:24 [main] INFO  Log - Login failed as expected.
2025-04-29 18:04:25 [main] INFO  Log - Closing the browser...
2025-04-29 18:04:25 [main] INFO  Log - Starting Webdriver...
2025-04-29 18:04:27 [main] INFO  Log - Navigating to Url
2025-04-29 18:04:29 [main] INFO  Log - Starting Login Test...
2025-04-29 18:04:29 [main] INFO  Log - Adding Credentials...
2025-04-29 18:04:29 [main] INFO  Log - Verifying page title...
2025-04-29 18:04:29 [main] INFO  Log - Login failed as expected.
2025-04-29 18:04:29 [main] INFO  Log - Closing the browser...
2025-04-29 18:04:30 [main] INFO  Log - Starting Webdriver...
2025-04-29 18:04:32 [main] INFO  Log - Navigating to Url
2025-04-29 18:04:35 [main] INFO  Log - Starting Login Test...
2025-04-29 18:04:35 [main] INFO  Log - Adding Credentials...
2025-04-29 18:04:36 [main] INFO  Log - Verifying page title...
2025-04-29 18:04:36 [main] INFO  Log - Login success.
2025-04-29 18:04:36 [main] INFO  Log - Login test completed...
2025-04-29 18:04:36 [main] INFO  Log - Closing the browser...
2025-04-29 18:13:02 [main] INFO  Log - Starting Webdriver...
2025-04-29 18:13:04 [main] INFO  Log - Navigating to Url
2025-04-29 18:13:06 [main] INFO  Log - Starting Login Test...
2025-04-29 18:13:06 [main] INFO  Log - Adding Credentials...
2025-04-29 18:13:06 [main] INFO  Log - Verifying page title...
2025-04-29 18:13:06 [main] INFO  Log - Login failed as expected.
2025-04-29 18:13:07 [main] INFO  Log - Closing the browser...
2025-04-29 18:13:07 [main] INFO  Log - Starting Webdriver...
2025-04-29 18:13:08 [main] INFO  Log - Navigating to Url
2025-04-29 18:13:10 [main] INFO  Log - Starting Login Test...
2025-04-29 18:13:10 [main] INFO  Log - Adding Credentials...
2025-04-29 18:13:10 [main] INFO  Log - Verifying page title...
2025-04-29 18:13:10 [main] INFO  Log - Login failed as expected.
2025-04-29 18:13:10 [main] INFO  Log - Closing the browser...
2025-04-29 18:13:10 [main] INFO  Log - Starting Webdriver...
2025-04-29 18:13:11 [main] INFO  Log - Navigating to Url
2025-04-29 18:13:13 [main] INFO  Log - Starting Login Test...
2025-04-29 18:13:13 [main] INFO  Log - Adding Credentials...
2025-04-29 18:13:25 [main] INFO  Log - Verifying page title...
2025-04-29 18:13:25 [main] INFO  Log - Login success.
2025-04-29 18:13:25 [main] INFO  Log - Login test completed...
2025-04-29 18:13:25 [main] INFO  Log - Closing the browser...
2025-04-30 17:54:50 [main] INFO  Log - Starting Webdriver...
2025-04-30 17:54:53 [main] INFO  Log - Navigating to Url
2025-04-30 17:54:55 [main] INFO  Log - Starting Login Test...
2025-04-30 17:54:55 [main] INFO  Log - Adding Credentials...
2025-04-30 17:54:56 [main] INFO  Log - Verifying page title...
2025-04-30 17:54:56 [main] INFO  Log - Login failed as expected.
2025-04-30 17:54:56 [main] INFO  Log - Closing the browser...
2025-04-30 17:54:56 [main] INFO  Log - Starting Webdriver...
2025-04-30 17:54:57 [main] INFO  Log - Navigating to Url
2025-04-30 17:54:59 [main] INFO  Log - Starting Login Test...
2025-04-30 17:54:59 [main] INFO  Log - Adding Credentials...
2025-04-30 17:54:59 [main] INFO  Log - Verifying page title...
2025-04-30 17:54:59 [main] INFO  Log - Login failed as expected.
2025-04-30 17:55:00 [main] INFO  Log - Closing the browser...
2025-04-30 17:55:00 [main] INFO  Log - Starting Webdriver...
2025-04-30 17:55:01 [main] INFO  Log - Navigating to Url
2025-04-30 17:55:02 [main] INFO  Log - Starting Login Test...
2025-04-30 17:55:02 [main] INFO  Log - Adding Credentials...
2025-04-30 17:55:02 [main] INFO  Log - Verifying page title...
2025-04-30 17:55:02 [main] INFO  Log - Login failed as expected.
2025-04-30 17:55:03 [main] INFO  Log - Closing the browser...
2025-05-13 11:06:15 [main] INFO  Log - Starting Webdriver...
2025-05-13 11:06:23 [main] INFO  Log - Navigating to Url
2025-05-13 11:08:31 [main] INFO  Log - Starting Webdriver...
2025-05-13 11:08:32 [main] INFO  Log - Navigating to Url
2025-05-13 11:08:33 [main] INFO  Log - Starting Login Test...
2025-05-13 11:08:34 [main] INFO  Log - Adding Credentials...
2025-05-13 11:08:34 [main] INFO  Log - Verifying page title...
2025-05-13 11:08:34 [main] INFO  Log - Login success.
2025-05-13 11:08:34 [main] INFO  Log - Login test completed...
2025-05-13 11:08:34 [main] INFO  Log - Closing the browser...
